2020-11-16 22:14:13.942  INFO 25768 --- [restartedMain] c.homework.todolist.TodolistApplication  : Starting TodolistApplication on LAPTOP-FK5UTLDU with PID 25768 (D:\java\MyProject\todolist\target\classes started by 四十五邱星星呐 in D:\java\MyProject\todolist)
2020-11-16 22:14:13.950  INFO 25768 --- [restartedMain] c.homework.todolist.TodolistApplication  : No active profile set, falling back to default profiles: default
2020-11-16 22:14:13.994  INFO 25768 --- [restartedMain] .e.DevToolsPropertyDefaultsPostProcessor : Devtools property defaults active! Set 'spring.devtools.add-properties' to 'false' to disable
2020-11-16 22:14:13.994  INFO 25768 --- [restartedMain] .e.DevToolsPropertyDefaultsPostProcessor : For additional web related logging consider setting the 'logging.level.web' property to 'DEBUG'
2020-11-16 22:14:14.808  INFO 25768 --- [restartedMain] o.s.b.w.embedded.tomcat.TomcatWebServer  : Tomcat initialized with port(s): 8081 (http)
2020-11-16 22:14:14.816  INFO 25768 --- [restartedMain] o.apache.catalina.core.StandardService   : Starting service [Tomcat]
2020-11-16 22:14:14.816  INFO 25768 --- [restartedMain] org.apache.catalina.core.StandardEngine  : Starting Servlet engine: [Apache Tomcat/9.0.39]
2020-11-16 22:14:14.873  INFO 25768 --- [restartedMain] o.a.c.c.C.[Tomcat].[localhost].[/]       : Initializing Spring embedded WebApplicationContext
2020-11-16 22:14:14.873  INFO 25768 --- [restartedMain] w.s.c.ServletWebServerApplicationContext : Root WebApplicationContext: initialization completed in 878 ms
2020-11-16 22:14:15.208  INFO 25768 --- [restartedMain] o.s.s.concurrent.ThreadPoolTaskExecutor  : Initializing ExecutorService 'applicationTaskExecutor'
2020-11-16 22:14:15.340  INFO 25768 --- [restartedMain] o.s.b.d.a.OptionalLiveReloadServer       : LiveReload server is running on port 35729
2020-11-16 22:14:15.370  INFO 25768 --- [restartedMain] o.s.b.w.embedded.tomcat.TomcatWebServer  : Tomcat started on port(s): 8081 (http) with context path ''
2020-11-16 22:14:15.381  INFO 25768 --- [restartedMain] c.homework.todolist.TodolistApplication  : Started TodolistApplication in 1.799 seconds (JVM running for 2.873)
2020-11-16 22:14:49.473  INFO 25768 --- [http-nio-8081-exec-1] o.a.c.c.C.[Tomcat].[localhost].[/]       : Initializing Spring DispatcherServlet 'dispatcherServlet'
2020-11-16 22:14:49.475  INFO 25768 --- [http-nio-8081-exec-1] o.s.web.servlet.DispatcherServlet        : Initializing Servlet 'dispatcherServlet'
2020-11-16 22:14:49.480  INFO 25768 --- [http-nio-8081-exec-1] o.s.web.servlet.DispatcherServlet        : Completed initialization in 5 ms
2020-11-16 22:14:49.511  INFO 25768 --- [http-nio-8081-exec-1] com.zaxxer.hikari.HikariDataSource       : HikariPool-1 - Starting...
2020-11-16 22:14:49.820  INFO 25768 --- [http-nio-8081-exec-1] com.zaxxer.hikari.HikariDataSource       : HikariPool-1 - Start completed.
2020-11-16 22:16:19.923  INFO 17532 --- [restartedMain] c.homework.todolist.TodolistApplication  : Starting TodolistApplication on LAPTOP-FK5UTLDU with PID 17532 (D:\java\MyProject\todolist\target\classes started by 四十五邱星星呐 in D:\java\MyProject\todolist)
2020-11-16 22:16:19.925  INFO 17532 --- [restartedMain] c.homework.todolist.TodolistApplication  : No active profile set, falling back to default profiles: default
2020-11-16 22:16:19.974  INFO 17532 --- [restartedMain] .e.DevToolsPropertyDefaultsPostProcessor : Devtools property defaults active! Set 'spring.devtools.add-properties' to 'false' to disable
2020-11-16 22:16:19.975  INFO 17532 --- [restartedMain] .e.DevToolsPropertyDefaultsPostProcessor : For additional web related logging consider setting the 'logging.level.web' property to 'DEBUG'
2020-11-16 22:16:20.806  INFO 17532 --- [restartedMain] o.s.b.w.embedded.tomcat.TomcatWebServer  : Tomcat initialized with port(s): 8081 (http)
2020-11-16 22:16:20.814  INFO 17532 --- [restartedMain] o.apache.catalina.core.StandardService   : Starting service [Tomcat]
2020-11-16 22:16:20.814  INFO 17532 --- [restartedMain] org.apache.catalina.core.StandardEngine  : Starting Servlet engine: [Apache Tomcat/9.0.39]
2020-11-16 22:16:20.869  INFO 17532 --- [restartedMain] o.a.c.c.C.[Tomcat].[localhost].[/]       : Initializing Spring embedded WebApplicationContext
2020-11-16 22:16:20.870  INFO 17532 --- [restartedMain] w.s.c.ServletWebServerApplicationContext : Root WebApplicationContext: initialization completed in 895 ms
2020-11-16 22:16:21.190  INFO 17532 --- [restartedMain] o.s.s.concurrent.ThreadPoolTaskExecutor  : Initializing ExecutorService 'applicationTaskExecutor'
2020-11-16 22:16:21.320  INFO 17532 --- [restartedMain] o.s.b.d.a.OptionalLiveReloadServer       : LiveReload server is running on port 35729
2020-11-16 22:16:21.348  INFO 17532 --- [restartedMain] o.s.b.w.embedded.tomcat.TomcatWebServer  : Tomcat started on port(s): 8081 (http) with context path ''
2020-11-16 22:16:21.358  INFO 17532 --- [restartedMain] c.homework.todolist.TodolistApplication  : Started TodolistApplication in 1.758 seconds (JVM running for 2.654)
2020-11-16 22:16:50.268  INFO 17532 --- [http-nio-8081-exec-1] o.a.c.c.C.[Tomcat].[localhost].[/]       : Initializing Spring DispatcherServlet 'dispatcherServlet'
2020-11-16 22:16:50.270  INFO 17532 --- [http-nio-8081-exec-1] o.s.web.servlet.DispatcherServlet        : Initializing Servlet 'dispatcherServlet'
2020-11-16 22:16:50.277  INFO 17532 --- [http-nio-8081-exec-1] o.s.web.servlet.DispatcherServlet        : Completed initialization in 7 ms
2020-11-16 22:16:50.305  INFO 17532 --- [http-nio-8081-exec-1] com.zaxxer.hikari.HikariDataSource       : HikariPool-1 - Starting...
2020-11-16 22:16:50.526  INFO 17532 --- [http-nio-8081-exec-1] com.zaxxer.hikari.HikariDataSource       : HikariPool-1 - Start completed.
2020-11-16 22:22:46.685  INFO 23532 --- [restartedMain] c.homework.todolist.TodolistApplication  : Starting TodolistApplication on LAPTOP-FK5UTLDU with PID 23532 (D:\java\MyProject\todolist\target\classes started by 四十五邱星星呐 in D:\java\MyProject\todolist)
2020-11-16 22:22:46.688  INFO 23532 --- [restartedMain] c.homework.todolist.TodolistApplication  : No active profile set, falling back to default profiles: default
2020-11-16 22:22:46.736  INFO 23532 --- [restartedMain] .e.DevToolsPropertyDefaultsPostProcessor : Devtools property defaults active! Set 'spring.devtools.add-properties' to 'false' to disable
2020-11-16 22:22:46.737  INFO 23532 --- [restartedMain] .e.DevToolsPropertyDefaultsPostProcessor : For additional web related logging consider setting the 'logging.level.web' property to 'DEBUG'
2020-11-16 22:22:47.495  INFO 23532 --- [restartedMain] o.s.b.w.embedded.tomcat.TomcatWebServer  : Tomcat initialized with port(s): 8081 (http)
2020-11-16 22:22:47.503  INFO 23532 --- [restartedMain] o.apache.catalina.core.StandardService   : Starting service [Tomcat]
2020-11-16 22:22:47.503  INFO 23532 --- [restartedMain] org.apache.catalina.core.StandardEngine  : Starting Servlet engine: [Apache Tomcat/9.0.39]
2020-11-16 22:22:47.562  INFO 23532 --- [restartedMain] o.a.c.c.C.[Tomcat].[localhost].[/]       : Initializing Spring embedded WebApplicationContext
2020-11-16 22:22:47.562  INFO 23532 --- [restartedMain] w.s.c.ServletWebServerApplicationContext : Root WebApplicationContext: initialization completed in 825 ms
2020-11-16 22:22:47.877  INFO 23532 --- [restartedMain] o.s.s.concurrent.ThreadPoolTaskExecutor  : Initializing ExecutorService 'applicationTaskExecutor'
2020-11-16 22:22:48.005  INFO 23532 --- [restartedMain] o.s.b.d.a.OptionalLiveReloadServer       : LiveReload server is running on port 35729
2020-11-16 22:22:48.035  INFO 23532 --- [restartedMain] o.s.b.w.embedded.tomcat.TomcatWebServer  : Tomcat started on port(s): 8081 (http) with context path ''
2020-11-16 22:22:48.045  INFO 23532 --- [restartedMain] c.homework.todolist.TodolistApplication  : Started TodolistApplication in 1.755 seconds (JVM running for 2.637)
2020-11-16 22:24:04.358  INFO 23532 --- [http-nio-8081-exec-1] o.a.c.c.C.[Tomcat].[localhost].[/]       : Initializing Spring DispatcherServlet 'dispatcherServlet'
2020-11-16 22:24:04.359  INFO 23532 --- [http-nio-8081-exec-1] o.s.web.servlet.DispatcherServlet        : Initializing Servlet 'dispatcherServlet'
2020-11-16 22:24:04.366  INFO 23532 --- [http-nio-8081-exec-1] o.s.web.servlet.DispatcherServlet        : Completed initialization in 6 ms
2020-11-16 22:24:04.399  INFO 23532 --- [http-nio-8081-exec-1] com.zaxxer.hikari.HikariDataSource       : HikariPool-1 - Starting...
2020-11-16 22:24:04.638  INFO 23532 --- [http-nio-8081-exec-1] com.zaxxer.hikari.HikariDataSource       : HikariPool-1 - Start completed.
2020-11-16 22:27:32.851  INFO 3904 --- [restartedMain] c.homework.todolist.TodolistApplication  : Starting TodolistApplication on LAPTOP-FK5UTLDU with PID 3904 (D:\java\MyProject\todolist\target\classes started by 四十五邱星星呐 in D:\java\MyProject\todolist)
2020-11-16 22:27:32.854  INFO 3904 --- [restartedMain] c.homework.todolist.TodolistApplication  : No active profile set, falling back to default profiles: default
2020-11-16 22:27:32.899  INFO 3904 --- [restartedMain] .e.DevToolsPropertyDefaultsPostProcessor : Devtools property defaults active! Set 'spring.devtools.add-properties' to 'false' to disable
2020-11-16 22:27:32.900  INFO 3904 --- [restartedMain] .e.DevToolsPropertyDefaultsPostProcessor : For additional web related logging consider setting the 'logging.level.web' property to 'DEBUG'
2020-11-16 22:27:33.713  INFO 3904 --- [restartedMain] o.s.b.w.embedded.tomcat.TomcatWebServer  : Tomcat initialized with port(s): 8081 (http)
2020-11-16 22:27:33.720  INFO 3904 --- [restartedMain] o.apache.catalina.core.StandardService   : Starting service [Tomcat]
2020-11-16 22:27:33.720  INFO 3904 --- [restartedMain] org.apache.catalina.core.StandardEngine  : Starting Servlet engine: [Apache Tomcat/9.0.39]
2020-11-16 22:27:33.776  INFO 3904 --- [restartedMain] o.a.c.c.C.[Tomcat].[localhost].[/]       : Initializing Spring embedded WebApplicationContext
2020-11-16 22:27:33.777  INFO 3904 --- [restartedMain] w.s.c.ServletWebServerApplicationContext : Root WebApplicationContext: initialization completed in 876 ms
2020-11-16 22:27:34.079  INFO 3904 --- [restartedMain] o.s.s.concurrent.ThreadPoolTaskExecutor  : Initializing ExecutorService 'applicationTaskExecutor'
2020-11-16 22:27:34.201  INFO 3904 --- [restartedMain] o.s.b.d.a.OptionalLiveReloadServer       : LiveReload server is running on port 35729
2020-11-16 22:27:34.229  INFO 3904 --- [restartedMain] o.s.b.w.embedded.tomcat.TomcatWebServer  : Tomcat started on port(s): 8081 (http) with context path ''
2020-11-16 22:27:34.240  INFO 3904 --- [restartedMain] c.homework.todolist.TodolistApplication  : Started TodolistApplication in 1.735 seconds (JVM running for 2.63)
2020-11-16 22:28:06.858  INFO 3904 --- [http-nio-8081-exec-1] o.a.c.c.C.[Tomcat].[localhost].[/]       : Initializing Spring DispatcherServlet 'dispatcherServlet'
2020-11-16 22:28:06.860  INFO 3904 --- [http-nio-8081-exec-1] o.s.web.servlet.DispatcherServlet        : Initializing Servlet 'dispatcherServlet'
2020-11-16 22:28:06.867  INFO 3904 --- [http-nio-8081-exec-1] o.s.web.servlet.DispatcherServlet        : Completed initialization in 7 ms
2020-11-16 22:28:06.899  INFO 3904 --- [http-nio-8081-exec-1] com.zaxxer.hikari.HikariDataSource       : HikariPool-1 - Starting...
2020-11-16 22:28:07.128  INFO 3904 --- [http-nio-8081-exec-1] com.zaxxer.hikari.HikariDataSource       : HikariPool-1 - Start completed.
